user = 'X'
"X"
cpu = '0'
"0"
var btns = document.querySelectorAll(".btn");
undefined
pos = 5
5
btns[pos - 1].innerText = user
"X"
occupied = [];
[]
occupied.push(pos)
1
occupied
[5]
Math.random()
0.11344546955551604
Math.random() * 0
0
parseInt(Math.random() * 9)
8
parseInt(Math.random() * 9)
3
parseInt(Math.random() * 9)
0
parseInt(Math.random() * 9)
1
parseInt(Math.random() * 9)
7
cpu_pos = parseInt(Math.random() * 9)
7
cpu_pos = 5;
5
for (var i = 0; i < occupied.length; i++) {
    if(occupied[i] == cpu_pos) {
        console.log("Already occupied...");
        break
    }
    else {
        btns[cpu_pos - 1].innerText = cpu;
    }
}
VM947:3 Already occupied...
undefined
cpu_pos = parseInt(Math.random() * 9)
3
for (var i = 0; i < occupied.length; i++) {
    if(occupied[i] == cpu_pos) {
        console.log("Already occupied...");
        break
    }
    else {
        btns[cpu_pos - 1].innerText = cpu;
    }
}
"0"
pos = 1
1
btns[pos - 1].innerText = user
"X"
occupied.push(cpu_pos)
2
occupied.push(pos)
3
occupied
(3) [5, 3, 1]
cpu_pos = parseInt(Math.random() * 9)
4
for (var i = 0; i < occupied.length; i++) {
    if(occupied[i] == cpu_pos) {
        console.log("Already occupied...");
        break
    }
    else {
        btns[cpu_pos - 1].innerText = cpu;
    }
}
"0"
pos = 9
9
btns[pos - 1].innerText = user
"X"
occupied.push(pos)
4
win_combinations = [[1,2,3],[4,5,6],[7,8,9],[1,4,7],[2,5,8],[3,6,9],[1,5,9],[3,5,7]]
(8) [Array(3), Array(3), Array(3), Array(3), Array(3), Array(3), Array(3), Array(3)]
btns_values = [];
[]
for(var j = 0; j < btns.length; j++) {
    btns_values.push(btns[j].innerText);
}
9
btns_values
(9) ["X", "", "0", "0", "X", "", "", "", "X"]
for (var i = 0; i < win_combinations.length; i++) {
    for(var j = 0; j < win_combinations[i]; j++) {
        if (pos == win_combinations[i][j]) {
            win_combinations[i][j] = user;
        }
    }
}
undefined
win_combinations
(8) [Array(3), Array(3), Array(3), Array(3), Array(3), Array(3), Array(3), Array(3)]0: (3) [1, 2, 3]1: (3) [4, 5, 6]2: (3) [7, 8, 9]3: (3) [1, 4, 7]4: (3) [2, 5, 8]5: (3) [3, 6, 9]6: (3) [1, 5, 9]7: (3) [3, 5, 7]length: 8__proto__: Array(0)
user
"X"
win_combinations[0][0] = 'X'
"X"
win_combinations
(8) [Array(3), Array(3), Array(3), Array(3), Array(3), Array(3), Array(3), Array(3)]0: (3) ["X", 2, 3]1: (3) [4, 5, 6]2: (3) [7, 8, 9]3: (3) [1, 4, 7]4: (3) [2, 5, 8]5: (3) [3, 6, 9]6: (3) [1, 5, 9]7: (3) [3, 5, 7]length: 8__proto__: Array(0)
for (var i = 0; i < win_combinations.length; i++) {
    for(var j = 0; j < win_combinations[i].length; j++) {
        if (pos == win_combinations[i][j]) {
            win_combinations[i][j] = user;
        }
    }
}
undefined
win_combinations
(8) [Array(3), Array(3), Array(3), Array(3), Array(3), Array(3), Array(3), Array(3)]0: (3) ["X", 2, 3]1: (3) [4, 5, 6]2: (3) [7, 8, "X"]3: (3) [1, 4, 7]4: (3) [2, 5, 8]5: (3) [3, 6, "X"]6: (3) [1, 5, "X"]7: (3) [3, 5, 7]length: 8__proto__: Array(0)
pos
9
win_combinations[2][0] = 'X'
"X"
win_combinations[2][1] = 'X'
"X"
win_combinations
(8) [Array(3), Array(3), Array(3), Array(3), Array(3), Array(3), Array(3), Array(3)]0: (3) ["X", 2, 3]1: (3) [4, 5, 6]2: (3) ["X", "X", "X"]3: (3) [1, 4, 7]4: (3) [2, 5, 8]5: (3) [3, 6, "X"]6: (3) [1, 5, "X"]7: (3) [3, 5, 7]length: 8__proto__: Array(0)
if(win_combinations[2][0] == user && win_combinations[2][1] == user && win_combinations[2][2] == user) {
    console.log("User Win");
    }
VM2434:2 User Win
undefined
